2026-07-12T12:15:29.817+09:00  INFO 708 --- [mybatis_blog-website] [restartedMain] c.p.m.MybatisBlogWebsiteApplication      : Starting MybatisBlogWebsiteApplication using Java 21.0.11 with PID 708 (D:\김경난\기말과제\mybatis_blog-website\build\classes\java\main started by TJ in D:\김경난\기말과제\mybatis_blog-website)
2026-07-12T12:15:29.820+09:00 DEBUG 708 --- [mybatis_blog-website] [restartedMain] c.p.m.MybatisBlogWebsiteApplication      : Running with Spring Boot v3.5.16, Spring v6.2.19
2026-07-12T12:15:29.821+09:00  INFO 708 --- [mybatis_blog-website] [restartedMain] c.p.m.MybatisBlogWebsiteApplication      : No active profile set, falling back to 1 default profile: "default"
2026-07-12T12:15:29.856+09:00  INFO 708 --- [mybatis_blog-website] [restartedMain] .e.DevToolsPropertyDefaultsPostProcessor : Devtools property defaults active! Set 'spring.devtools.add-properties' to 'false' to disable
2026-07-12T12:15:29.857+09:00  INFO 708 --- [mybatis_blog-website] [restartedMain] .e.DevToolsPropertyDefaultsPostProcessor : For additional web related logging consider setting the 'logging.level.web' property to 'DEBUG'
2026-07-12T12:15:30.296+09:00 DEBUG 708 --- [mybatis_blog-website] [restartedMain] o.m.s.b.a.MybatisAutoConfiguration       : Searching for mappers annotated with @Mapper
2026-07-12T12:15:30.296+09:00 DEBUG 708 --- [mybatis_blog-website] [restartedMain] o.m.s.b.a.MybatisAutoConfiguration       : Using auto-configuration base package 'com.project.mybatis_blogwebsite'
2026-07-12T12:15:30.405+09:00 DEBUG 708 --- [mybatis_blog-website] [restartedMain] o.m.s.mapper.ClassPathMapperScanner      : Identified candidate component class: file [D:\김경난\기말과제\mybatis_blog-website\build\classes\java\main\com\project\mybatis_blogwebsite\mapper\PostMapper.class]
2026-07-12T12:15:30.405+09:00 DEBUG 708 --- [mybatis_blog-website] [restartedMain] o.m.s.mapper.ClassPathMapperScanner      : Identified candidate component class: file [D:\김경난\기말과제\mybatis_blog-website\build\classes\java\main\com\project\mybatis_blogwebsite\mapper\UserMapper.class]
2026-07-12T12:15:30.406+09:00 DEBUG 708 --- [mybatis_blog-website] [restartedMain] o.m.s.mapper.ClassPathMapperScanner      : Creating MapperFactoryBean with name 'postMapper' and 'com.project.mybatis_blogwebsite.mapper.PostMapper' mapperInterface
2026-07-12T12:15:30.407+09:00 DEBUG 708 --- [mybatis_blog-website] [restartedMain] o.m.s.mapper.ClassPathMapperScanner      : Creating MapperFactoryBean with name 'userMapper' and 'com.project.mybatis_blogwebsite.mapper.UserMapper' mapperInterface
2026-07-12T12:15:30.654+09:00  INFO 708 --- [mybatis_blog-website] [restartedMain] o.s.b.w.embedded.tomcat.TomcatWebServer  : Tomcat initialized with port 8080 (http)
2026-07-12T12:15:30.668+09:00  INFO 708 --- [mybatis_blog-website] [restartedMain] o.apache.catalina.core.StandardService   : Starting service [Tomcat]
2026-07-12T12:15:30.668+09:00  INFO 708 --- [mybatis_blog-website] [restartedMain] o.apache.catalina.core.StandardEngine    : Starting Servlet engine: [Apache Tomcat/10.1.55]
2026-07-12T12:15:30.703+09:00  INFO 708 --- [mybatis_blog-website] [restartedMain] o.a.c.c.C.[Tomcat].[localhost].[/]       : Initializing Spring embedded WebApplicationContext
2026-07-12T12:15:30.704+09:00  INFO 708 --- [mybatis_blog-website] [restartedMain] w.s.c.ServletWebServerApplicationContext : Root WebApplicationContext: initialization completed in 847 ms
2026-07-12T12:15:30.782+09:00 DEBUG 708 --- [mybatis_blog-website] [restartedMain] o.s.jdbc.datasource.DataSourceUtils      : Fetching JDBC Connection from DataSource
2026-07-12T12:15:30.782+09:00  INFO 708 --- [mybatis_blog-website] [restartedMain] com.zaxxer.hikari.HikariDataSource       : HikariPool-1 - Starting...
2026-07-12T12:15:30.892+09:00  INFO 708 --- [mybatis_blog-website] [restartedMain] com.zaxxer.hikari.pool.HikariPool        : HikariPool-1 - Added connection org.sqlite.jdbc4.JDBC4Connection@5e0f84a
2026-07-12T12:15:30.894+09:00  INFO 708 --- [mybatis_blog-website] [restartedMain] com.zaxxer.hikari.HikariDataSource       : HikariPool-1 - Start completed.
2026-07-12T12:15:30.897+09:00 DEBUG 708 --- [mybatis_blog-website] [restartedMain] o.s.jdbc.datasource.init.ScriptUtils     : Executing SQL script from file [D:\김경난\기말과제\mybatis_blog-website\build\resources\main\schema.sql]
2026-07-12T12:15:30.905+09:00 DEBUG 708 --- [mybatis_blog-website] [restartedMain] o.s.jdbc.datasource.init.ScriptUtils     : 0 returned as update count for SQL: DROP TABLE IF EXISTS posts
2026-07-12T12:15:30.910+09:00 DEBUG 708 --- [mybatis_blog-website] [restartedMain] o.s.jdbc.datasource.init.ScriptUtils     : 0 returned as update count for SQL: CREATE TABLE IF NOT EXISTS posts ( id INTEGER PRIMARY KEY AUTOINCREMENT, title varchar(100) not null, content TEXT NOT NULL )
2026-07-12T12:15:30.910+09:00 DEBUG 708 --- [mybatis_blog-website] [restartedMain] o.s.jdbc.datasource.init.ScriptUtils     : 0 returned as update count for SQL: CREATE TABLE IF NOT EXISTS users ( id INTEGER PRIMARY KEY AUTOINCREMENT, name varchar(100) not null, email TEXT NOT NULL )
2026-07-12T12:15:30.911+09:00 DEBUG 708 --- [mybatis_blog-website] [restartedMain] o.s.jdbc.datasource.init.ScriptUtils     : Executed SQL script from file [D:\김경난\기말과제\mybatis_blog-website\build\resources\main\schema.sql] in 13 ms.
2026-07-12T12:15:30.915+09:00 DEBUG 708 --- [mybatis_blog-website] [restartedMain] o.s.jdbc.datasource.DataSourceUtils      : Fetching JDBC Connection from DataSource
2026-07-12T12:15:30.915+09:00 DEBUG 708 --- [mybatis_blog-website] [restartedMain] o.s.jdbc.datasource.init.ScriptUtils     : Executing SQL script from file [D:\김경난\기말과제\mybatis_blog-website\build\resources\main\data.sql]
2026-07-12T12:15:30.921+09:00 DEBUG 708 --- [mybatis_blog-website] [restartedMain] o.s.jdbc.datasource.init.ScriptUtils     : 1 returned as update count for SQL: INSERT INTO posts (title, content) VALUES ('첫 번째 글','안녕하세요')
2026-07-12T12:15:30.925+09:00 DEBUG 708 --- [mybatis_blog-website] [restartedMain] o.s.jdbc.datasource.init.ScriptUtils     : 1 returned as update count for SQL: INSERT INTO posts (title, content) VALUES ('두 번째 글','mybatis로 연습 중 입니다.')
2026-07-12T12:15:30.930+09:00 DEBUG 708 --- [mybatis_blog-website] [restartedMain] o.s.jdbc.datasource.init.ScriptUtils     : 1 returned as update count for SQL: INSERT INTO users (name, email) VALUES ('홍길동','gildong@email.com')
2026-07-12T12:15:30.934+09:00 DEBUG 708 --- [mybatis_blog-website] [restartedMain] o.s.jdbc.datasource.init.ScriptUtils     : 1 returned as update count for SQL: INSERT INTO users (name, email) VALUES ('김영희','younghee@email.com')
2026-07-12T12:15:30.934+09:00 DEBUG 708 --- [mybatis_blog-website] [restartedMain] o.s.jdbc.datasource.init.ScriptUtils     : Executed SQL script from file [D:\김경난\기말과제\mybatis_blog-website\build\resources\main\data.sql] in 19 ms.
2026-07-12T12:15:31.114+09:00 DEBUG 708 --- [mybatis_blog-website] [restartedMain] o.mybatis.spring.SqlSessionFactoryBean   : Parsed mapper file: 'file [D:\김경난\기말과제\mybatis_blog-website\build\resources\main\mapper\PostMapper.xml]'
2026-07-12T12:15:31.121+09:00 DEBUG 708 --- [mybatis_blog-website] [restartedMain] o.mybatis.spring.SqlSessionFactoryBean   : Parsed mapper file: 'file [D:\김경난\기말과제\mybatis_blog-website\build\resources\main\mapper\UserMapper.xml]'
2026-07-12T12:15:31.173+09:00  INFO 708 --- [mybatis_blog-website] [restartedMain] o.s.b.a.w.s.WelcomePageHandlerMapping    : Adding welcome page template: index
2026-07-12T12:15:31.365+09:00 DEBUG 708 --- [mybatis_blog-website] [restartedMain] o.m.s.b.a.MybatisAutoConfiguration       : Not found configuration for registering mapper bean using @MapperScan, MapperFactoryBean and MapperScannerConfigurer.
2026-07-12T12:15:31.431+09:00  INFO 708 --- [mybatis_blog-website] [restartedMain] o.s.b.d.a.OptionalLiveReloadServer       : LiveReload server is running on port 35729
2026-07-12T12:15:31.461+09:00  INFO 708 --- [mybatis_blog-website] [restartedMain] o.s.b.w.embedded.tomcat.TomcatWebServer  : Tomcat started on port 8080 (http) with context path '/'
2026-07-12T12:15:31.468+09:00  INFO 708 --- [mybatis_blog-website] [restartedMain] c.p.m.MybatisBlogWebsiteApplication      : Started MybatisBlogWebsiteApplication in 2.04 seconds (process running for 2.581)
2026-07-12T12:16:23.985+09:00  INFO 708 --- [mybatis_blog-website] [http-nio-8080-exec-1] o.a.c.c.C.[Tomcat].[localhost].[/]       : Initializing Spring DispatcherServlet 'dispatcherServlet'
2026-07-12T12:16:23.985+09:00  INFO 708 --- [mybatis_blog-website] [http-nio-8080-exec-1] o.s.web.servlet.DispatcherServlet        : Initializing Servlet 'dispatcherServlet'
2026-07-12T12:16:23.986+09:00  INFO 708 --- [mybatis_blog-website] [http-nio-8080-exec-1] o.s.web.servlet.DispatcherServlet        : Completed initialization in 1 ms
2026-07-12T12:16:24.014+09:00 DEBUG 708 --- [mybatis_blog-website] [http-nio-8080-exec-1] org.mybatis.spring.SqlSessionUtils       : Creating a new SqlSession
2026-07-12T12:16:24.018+09:00 DEBUG 708 --- [mybatis_blog-website] [http-nio-8080-exec-1] org.mybatis.spring.SqlSessionUtils       : SqlSession [org.apache.ibatis.session.defaults.DefaultSqlSession@78238f5c] was not registered for synchronization because synchronization is not active
2026-07-12T12:16:24.022+09:00 DEBUG 708 --- [mybatis_blog-website] [http-nio-8080-exec-1] o.s.jdbc.datasource.DataSourceUtils      : Fetching JDBC Connection from DataSource
2026-07-12T12:16:24.024+09:00 DEBUG 708 --- [mybatis_blog-website] [http-nio-8080-exec-1] o.m.s.t.SpringManagedTransaction         : JDBC Connection [HikariProxyConnection@377285037 wrapping org.sqlite.jdbc4.JDBC4Connection@5e0f84a] will not be managed by Spring
2026-07-12T12:16:24.026+09:00 DEBUG 708 --- [mybatis_blog-website] [http-nio-8080-exec-1] c.p.m.mapper.PostMapper.모두조회             : ==>  Preparing: SELECT * FROM posts
2026-07-12T12:16:24.044+09:00 DEBUG 708 --- [mybatis_blog-website] [http-nio-8080-exec-1] c.p.m.mapper.PostMapper.모두조회             : ==> Parameters: 
2026-07-12T12:16:24.074+09:00 DEBUG 708 --- [mybatis_blog-website] [http-nio-8080-exec-1] c.p.m.mapper.PostMapper.모두조회             : <==      Total: 2
2026-07-12T12:16:24.081+09:00 DEBUG 708 --- [mybatis_blog-website] [http-nio-8080-exec-1] org.mybatis.spring.SqlSessionUtils       : Closing non transactional SqlSession [org.apache.ibatis.session.defaults.DefaultSqlSession@78238f5c]
2026-07-12T12:17:03.829+09:00 DEBUG 708 --- [mybatis_blog-website] [http-nio-8080-exec-4] org.mybatis.spring.SqlSessionUtils       : Creating a new SqlSession
2026-07-12T12:17:03.829+09:00 DEBUG 708 --- [mybatis_blog-website] [http-nio-8080-exec-4] org.mybatis.spring.SqlSessionUtils       : SqlSession [org.apache.ibatis.session.defaults.DefaultSqlSession@24f19856] was not registered for synchronization because synchronization is not active
2026-07-12T12:17:03.829+09:00 DEBUG 708 --- [mybatis_blog-website] [http-nio-8080-exec-4] o.s.jdbc.datasource.DataSourceUtils      : Fetching JDBC Connection from DataSource
2026-07-12T12:17:03.830+09:00 DEBUG 708 --- [mybatis_blog-website] [http-nio-8080-exec-4] o.m.s.t.SpringManagedTransaction         : JDBC Connection [HikariProxyConnection@528188670 wrapping org.sqlite.jdbc4.JDBC4Connection@5e0f84a] will not be managed by Spring
2026-07-12T12:17:03.830+09:00 DEBUG 708 --- [mybatis_blog-website] [http-nio-8080-exec-4] c.p.m.mapper.PostMapper.글쓰기              : ==>  Preparing: INSERT INTO posts (title, content) VALUES (?, ?)
2026-07-12T12:17:03.831+09:00 DEBUG 708 --- [mybatis_blog-website] [http-nio-8080-exec-4] c.p.m.mapper.PostMapper.글쓰기              : ==> Parameters: 오늘점심(String), 
        오늘 점심 맛있겠네요 %%^^ 맛점!!!!!(String)
2026-07-12T12:17:03.837+09:00 DEBUG 708 --- [mybatis_blog-website] [http-nio-8080-exec-4] c.p.m.mapper.PostMapper.글쓰기              : <==    Updates: 1
2026-07-12T12:17:03.838+09:00 DEBUG 708 --- [mybatis_blog-website] [http-nio-8080-exec-4] org.mybatis.spring.SqlSessionUtils       : Closing non transactional SqlSession [org.apache.ibatis.session.defaults.DefaultSqlSession@24f19856]
2026-07-12T12:18:39.101+09:00  INFO 708 --- [mybatis_blog-website] [File Watcher] rtingClassPathChangeChangedEventListener : Restarting due to 1 class path change (0 additions, 1 deletion, 0 modifications)
2026-07-12T12:18:39.104+09:00  INFO 708 --- [mybatis_blog-website] [Thread-5] o.s.b.w.e.tomcat.GracefulShutdown        : Commencing graceful shutdown. Waiting for active requests to complete
2026-07-12T12:18:39.108+09:00  INFO 708 --- [mybatis_blog-website] [tomcat-shutdown] o.s.b.w.e.tomcat.GracefulShutdown        : Graceful shutdown complete
2026-07-12T12:18:39.112+09:00  INFO 708 --- [mybatis_blog-website] [Thread-5] com.zaxxer.hikari.HikariDataSource       : HikariPool-1 - Shutdown initiated...
2026-07-12T12:18:39.117+09:00  INFO 708 --- [mybatis_blog-website] [Thread-5] com.zaxxer.hikari.HikariDataSource       : HikariPool-1 - Shutdown completed.
2026-07-12T12:18:39.219+09:00  INFO 708 --- [mybatis_blog-website] [restartedMain] c.p.m.MybatisBlogWebsiteApplication      : Starting MybatisBlogWebsiteApplication using Java 21.0.11 with PID 708 (D:\김경난\기말과제\mybatis_blog-website\build\classes\java\main started by TJ in D:\김경난\기말과제\mybatis_blog-website)
2026-07-12T12:18:39.219+09:00 DEBUG 708 --- [mybatis_blog-website] [restartedMain] c.p.m.MybatisBlogWebsiteApplication      : Running with Spring Boot v3.5.16, Spring v6.2.19
2026-07-12T12:18:39.219+09:00  INFO 708 --- [mybatis_blog-website] [restartedMain] c.p.m.MybatisBlogWebsiteApplication      : No active profile set, falling back to 1 default profile: "default"
2026-07-12T12:18:39.344+09:00 DEBUG 708 --- [mybatis_blog-website] [restartedMain] o.m.s.b.a.MybatisAutoConfiguration       : Searching for mappers annotated with @Mapper
2026-07-12T12:18:39.344+09:00 DEBUG 708 --- [mybatis_blog-website] [restartedMain] o.m.s.b.a.MybatisAutoConfiguration       : Using auto-configuration base package 'com.project.mybatis_blogwebsite'
2026-07-12T12:18:39.379+09:00 DEBUG 708 --- [mybatis_blog-website] [restartedMain] o.m.s.mapper.ClassPathMapperScanner      : Identified candidate component class: file [D:\김경난\기말과제\mybatis_blog-website\build\classes\java\main\com\project\mybatis_blogwebsite\mapper\PostMapper.class]
2026-07-12T12:18:39.380+09:00 DEBUG 708 --- [mybatis_blog-website] [restartedMain] o.m.s.mapper.ClassPathMapperScanner      : Identified candidate component class: file [D:\김경난\기말과제\mybatis_blog-website\build\classes\java\main\com\project\mybatis_blogwebsite\mapper\UserMapper.class]
2026-07-12T12:18:39.380+09:00 DEBUG 708 --- [mybatis_blog-website] [restartedMain] o.m.s.mapper.ClassPathMapperScanner      : Creating MapperFactoryBean with name 'postMapper' and 'com.project.mybatis_blogwebsite.mapper.PostMapper' mapperInterface
2026-07-12T12:18:39.380+09:00 DEBUG 708 --- [mybatis_blog-website] [restartedMain] o.m.s.mapper.ClassPathMapperScanner      : Creating MapperFactoryBean with name 'userMapper' and 'com.project.mybatis_blogwebsite.mapper.UserMapper' mapperInterface
2026-07-12T12:18:39.426+09:00  INFO 708 --- [mybatis_blog-website] [restartedMain] o.s.b.w.embedded.tomcat.TomcatWebServer  : Tomcat initialized with port 8080 (http)
2026-07-12T12:18:39.428+09:00  INFO 708 --- [mybatis_blog-website] [restartedMain] o.apache.catalina.core.StandardService   : Starting service [Tomcat]
2026-07-12T12:18:39.428+09:00  INFO 708 --- [mybatis_blog-website] [restartedMain] o.apache.catalina.core.StandardEngine    : Starting Servlet engine: [Apache Tomcat/10.1.55]
2026-07-12T12:18:39.443+09:00  INFO 708 --- [mybatis_blog-website] [restartedMain] o.a.c.c.C.[Tomcat].[localhost].[/]       : Initializing Spring embedded WebApplicationContext
2026-07-12T12:18:39.443+09:00  INFO 708 --- [mybatis_blog-website] [restartedMain] w.s.c.ServletWebServerApplicationContext : Root WebApplicationContext: initialization completed in 221 ms
2026-07-12T12:18:39.463+09:00 DEBUG 708 --- [mybatis_blog-website] [restartedMain] o.s.jdbc.datasource.DataSourceUtils      : Fetching JDBC Connection from DataSource
2026-07-12T12:18:39.463+09:00  INFO 708 --- [mybatis_blog-website] [restartedMain] com.zaxxer.hikari.HikariDataSource       : HikariPool-2 - Starting...
2026-07-12T12:18:39.464+09:00  INFO 708 --- [mybatis_blog-website] [restartedMain] com.zaxxer.hikari.pool.HikariPool        : HikariPool-2 - Added connection org.sqlite.jdbc4.JDBC4Connection@1242890d
2026-07-12T12:18:39.464+09:00  INFO 708 --- [mybatis_blog-website] [restartedMain] com.zaxxer.hikari.HikariDataSource       : HikariPool-2 - Start completed.
2026-07-12T12:18:39.464+09:00 DEBUG 708 --- [mybatis_blog-website] [restartedMain] o.s.jdbc.datasource.init.ScriptUtils     : Executing SQL script from file [D:\김경난\기말과제\mybatis_blog-website\build\resources\main\schema.sql]
2026-07-12T12:18:39.469+09:00 DEBUG 708 --- [mybatis_blog-website] [restartedMain] o.s.jdbc.datasource.init.ScriptUtils     : 0 returned as update count for SQL: DROP TABLE IF EXISTS posts
2026-07-12T12:18:39.473+09:00 DEBUG 708 --- [mybatis_blog-website] [restartedMain] o.s.jdbc.datasource.init.ScriptUtils     : 0 returned as update count for SQL: CREATE TABLE IF NOT EXISTS posts ( id INTEGER PRIMARY KEY AUTOINCREMENT, title varchar(100) not null, content TEXT NOT NULL )
2026-07-12T12:18:39.473+09:00 DEBUG 708 --- [mybatis_blog-website] [restartedMain] o.s.jdbc.datasource.init.ScriptUtils     : 0 returned as update count for SQL: CREATE TABLE IF NOT EXISTS users ( id INTEGER PRIMARY KEY AUTOINCREMENT, name varchar(100) not null, email TEXT NOT NULL )
2026-07-12T12:18:39.473+09:00 DEBUG 708 --- [mybatis_blog-website] [restartedMain] o.s.jdbc.datasource.init.ScriptUtils     : Executed SQL script from file [D:\김경난\기말과제\mybatis_blog-website\build\resources\main\schema.sql] in 9 ms.
2026-07-12T12:18:39.474+09:00 DEBUG 708 --- [mybatis_blog-website] [restartedMain] o.s.jdbc.datasource.DataSourceUtils      : Fetching JDBC Connection from DataSource
2026-07-12T12:18:39.474+09:00 DEBUG 708 --- [mybatis_blog-website] [restartedMain] o.s.jdbc.datasource.init.ScriptUtils     : Executing SQL script from file [D:\김경난\기말과제\mybatis_blog-website\build\resources\main\data.sql]
2026-07-12T12:18:39.478+09:00 DEBUG 708 --- [mybatis_blog-website] [restartedMain] o.s.jdbc.datasource.init.ScriptUtils     : 1 returned as update count for SQL: INSERT INTO posts (title, content) VALUES ('첫 번째 글','안녕하세요')
2026-07-12T12:18:39.482+09:00 DEBUG 708 --- [mybatis_blog-website] [restartedMain] o.s.jdbc.datasource.init.ScriptUtils     : 1 returned as update count for SQL: INSERT INTO posts (title, content) VALUES ('두 번째 글','mybatis로 연습 중 입니다.')
2026-07-12T12:18:39.486+09:00 DEBUG 708 --- [mybatis_blog-website] [restartedMain] o.s.jdbc.datasource.init.ScriptUtils     : 1 returned as update count for SQL: INSERT INTO users (name, email) VALUES ('홍길동','gildong@email.com')
2026-07-12T12:18:39.490+09:00 DEBUG 708 --- [mybatis_blog-website] [restartedMain] o.s.jdbc.datasource.init.ScriptUtils     : 1 returned as update count for SQL: INSERT INTO users (name, email) VALUES ('김영희','younghee@email.com')
2026-07-12T12:18:39.490+09:00 DEBUG 708 --- [mybatis_blog-website] [restartedMain] o.s.jdbc.datasource.init.ScriptUtils     : Executed SQL script from file [D:\김경난\기말과제\mybatis_blog-website\build\resources\main\data.sql] in 16 ms.
2026-07-12T12:18:39.506+09:00 DEBUG 708 --- [mybatis_blog-website] [restartedMain] o.mybatis.spring.SqlSessionFactoryBean   : Parsed mapper file: 'file [D:\김경난\기말과제\mybatis_blog-website\build\resources\main\mapper\PostMapper.xml]'
2026-07-12T12:18:39.511+09:00 DEBUG 708 --- [mybatis_blog-website] [restartedMain] o.mybatis.spring.SqlSessionFactoryBean   : Parsed mapper file: 'file [D:\김경난\기말과제\mybatis_blog-website\build\resources\main\mapper\UserMapper.xml]'
2026-07-12T12:18:39.530+09:00  INFO 708 --- [mybatis_blog-website] [restartedMain] o.s.b.a.w.s.WelcomePageHandlerMapping    : Adding welcome page template: index
2026-07-12T12:18:39.574+09:00 DEBUG 708 --- [mybatis_blog-website] [restartedMain] o.m.s.b.a.MybatisAutoConfiguration       : Not found configuration for registering mapper bean using @MapperScan, MapperFactoryBean and MapperScannerConfigurer.
2026-07-12T12:18:39.598+09:00  INFO 708 --- [mybatis_blog-website] [restartedMain] o.s.b.d.a.OptionalLiveReloadServer       : LiveReload server is running on port 35729
2026-07-12T12:18:39.607+09:00  INFO 708 --- [mybatis_blog-website] [restartedMain] o.s.b.w.embedded.tomcat.TomcatWebServer  : Tomcat started on port 8080 (http) with context path '/'
2026-07-12T12:18:39.611+09:00  INFO 708 --- [mybatis_blog-website] [restartedMain] c.p.m.MybatisBlogWebsiteApplication      : Started MybatisBlogWebsiteApplication in 0.418 seconds (process running for 190.723)
2026-07-12T12:18:39.612+09:00  INFO 708 --- [mybatis_blog-website] [restartedMain] .ConditionEvaluationDeltaLoggingListener : Condition evaluation unchanged
2026-07-12T12:18:41.029+09:00  INFO 708 --- [mybatis_blog-website] [File Watcher] rtingClassPathChangeChangedEventListener : Restarting due to 1 class path change (1 addition, 0 deletions, 0 modifications)
2026-07-12T12:18:41.030+09:00  INFO 708 --- [mybatis_blog-website] [Thread-7] o.s.b.w.e.tomcat.GracefulShutdown        : Commencing graceful shutdown. Waiting for active requests to complete
2026-07-12T12:18:41.033+09:00  INFO 708 --- [mybatis_blog-website] [tomcat-shutdown] o.s.b.w.e.tomcat.GracefulShutdown        : Graceful shutdown complete
2026-07-12T12:18:41.034+09:00  INFO 708 --- [mybatis_blog-website] [Thread-7] com.zaxxer.hikari.HikariDataSource       : HikariPool-2 - Shutdown initiated...
2026-07-12T12:18:41.035+09:00  INFO 708 --- [mybatis_blog-website] [Thread-7] com.zaxxer.hikari.HikariDataSource       : HikariPool-2 - Shutdown completed.
2026-07-12T12:18:41.128+09:00  INFO 708 --- [mybatis_blog-website] [restartedMain] c.p.m.MybatisBlogWebsiteApplication      : Starting MybatisBlogWebsiteApplication using Java 21.0.11 with PID 708 (D:\김경난\기말과제\mybatis_blog-website\build\classes\java\main started by TJ in D:\김경난\기말과제\mybatis_blog-website)
2026-07-12T12:18:41.128+09:00 DEBUG 708 --- [mybatis_blog-website] [restartedMain] c.p.m.MybatisBlogWebsiteApplication      : Running with Spring Boot v3.5.16, Spring v6.2.19
2026-07-12T12:18:41.128+09:00  INFO 708 --- [mybatis_blog-website] [restartedMain] c.p.m.MybatisBlogWebsiteApplication      : No active profile set, falling back to 1 default profile: "default"
2026-07-12T12:18:41.241+09:00 DEBUG 708 --- [mybatis_blog-website] [restartedMain] o.m.s.b.a.MybatisAutoConfiguration       : Searching for mappers annotated with @Mapper
2026-07-12T12:18:41.241+09:00 DEBUG 708 --- [mybatis_blog-website] [restartedMain] o.m.s.b.a.MybatisAutoConfiguration       : Using auto-configuration base package 'com.project.mybatis_blogwebsite'
2026-07-12T12:18:41.269+09:00 DEBUG 708 --- [mybatis_blog-website] [restartedMain] o.m.s.mapper.ClassPathMapperScanner      : Identified candidate component class: file [D:\김경난\기말과제\mybatis_blog-website\build\classes\java\main\com\project\mybatis_blogwebsite\mapper\PostMapper.class]
2026-07-12T12:18:41.269+09:00 DEBUG 708 --- [mybatis_blog-website] [restartedMain] o.m.s.mapper.ClassPathMapperScanner      : Identified candidate component class: file [D:\김경난\기말과제\mybatis_blog-website\build\classes\java\main\com\project\mybatis_blogwebsite\mapper\UserMapper.class]
2026-07-12T12:18:41.269+09:00 DEBUG 708 --- [mybatis_blog-website] [restartedMain] o.m.s.mapper.ClassPathMapperScanner      : Creating MapperFactoryBean with name 'postMapper' and 'com.project.mybatis_blogwebsite.mapper.PostMapper' mapperInterface
2026-07-12T12:18:41.269+09:00 DEBUG 708 --- [mybatis_blog-website] [restartedMain] o.m.s.mapper.ClassPathMapperScanner      : Creating MapperFactoryBean with name 'userMapper' and 'com.project.mybatis_blogwebsite.mapper.UserMapper' mapperInterface
2026-07-12T12:18:41.300+09:00  INFO 708 --- [mybatis_blog-website] [restartedMain] o.s.b.w.embedded.tomcat.TomcatWebServer  : Tomcat initialized with port 8080 (http)
2026-07-12T12:18:41.301+09:00  INFO 708 --- [mybatis_blog-website] [restartedMain] o.apache.catalina.core.StandardService   : Starting service [Tomcat]
2026-07-12T12:18:41.301+09:00  INFO 708 --- [mybatis_blog-website] [restartedMain] o.apache.catalina.core.StandardEngine    : Starting Servlet engine: [Apache Tomcat/10.1.55]
2026-07-12T12:18:41.314+09:00  INFO 708 --- [mybatis_blog-website] [restartedMain] o.a.c.c.C.[Tomcat].[localhost].[/]       : Initializing Spring embedded WebApplicationContext
2026-07-12T12:18:41.315+09:00  INFO 708 --- [mybatis_blog-website] [restartedMain] w.s.c.ServletWebServerApplicationContext : Root WebApplicationContext: initialization completed in 185 ms
2026-07-12T12:18:41.331+09:00 DEBUG 708 --- [mybatis_blog-website] [restartedMain] o.s.jdbc.datasource.DataSourceUtils      : Fetching JDBC Connection from DataSource
2026-07-12T12:18:41.331+09:00  INFO 708 --- [mybatis_blog-website] [restartedMain] com.zaxxer.hikari.HikariDataSource       : HikariPool-3 - Starting...
2026-07-12T12:18:41.332+09:00  INFO 708 --- [mybatis_blog-website] [restartedMain] com.zaxxer.hikari.pool.HikariPool        : HikariPool-3 - Added connection org.sqlite.jdbc4.JDBC4Connection@43ed4467
2026-07-12T12:18:41.332+09:00  INFO 708 --- [mybatis_blog-website] [restartedMain] com.zaxxer.hikari.HikariDataSource       : HikariPool-3 - Start completed.
2026-07-12T12:18:41.332+09:00 DEBUG 708 --- [mybatis_blog-website] [restartedMain] o.s.jdbc.datasource.init.ScriptUtils     : Executing SQL script from file [D:\김경난\기말과제\mybatis_blog-website\build\resources\main\schema.sql]
2026-07-12T12:18:41.337+09:00 DEBUG 708 --- [mybatis_blog-website] [restartedMain] o.s.jdbc.datasource.init.ScriptUtils     : 0 returned as update count for SQL: DROP TABLE IF EXISTS posts
2026-07-12T12:18:41.340+09:00 DEBUG 708 --- [mybatis_blog-website] [restartedMain] o.s.jdbc.datasource.init.ScriptUtils     : 0 returned as update count for SQL: CREATE TABLE IF NOT EXISTS posts ( id INTEGER PRIMARY KEY AUTOINCREMENT, title varchar(100) not null, content TEXT NOT NULL )
2026-07-12T12:18:41.341+09:00 DEBUG 708 --- [mybatis_blog-website] [restartedMain] o.s.jdbc.datasource.init.ScriptUtils     : 0 returned as update count for SQL: CREATE TABLE IF NOT EXISTS users ( id INTEGER PRIMARY KEY AUTOINCREMENT, name varchar(100) not null, email TEXT NOT NULL )
2026-07-12T12:18:41.341+09:00 DEBUG 708 --- [mybatis_blog-website] [restartedMain] o.s.jdbc.datasource.init.ScriptUtils     : Executed SQL script from file [D:\김경난\기말과제\mybatis_blog-website\build\resources\main\schema.sql] in 9 ms.
2026-07-12T12:18:41.341+09:00 DEBUG 708 --- [mybatis_blog-website] [restartedMain] o.s.jdbc.datasource.DataSourceUtils      : Fetching JDBC Connection from DataSource
2026-07-12T12:18:41.341+09:00 DEBUG 708 --- [mybatis_blog-website] [restartedMain] o.s.jdbc.datasource.init.ScriptUtils     : Executing SQL script from file [D:\김경난\기말과제\mybatis_blog-website\build\resources\main\data.sql]
2026-07-12T12:18:41.346+09:00 DEBUG 708 --- [mybatis_blog-website] [restartedMain] o.s.jdbc.datasource.init.ScriptUtils     : 1 returned as update count for SQL: INSERT INTO posts (title, content) VALUES ('첫 번째 글','안녕하세요')
2026-07-12T12:18:41.350+09:00 DEBUG 708 --- [mybatis_blog-website] [restartedMain] o.s.jdbc.datasource.init.ScriptUtils     : 1 returned as update count for SQL: INSERT INTO posts (title, content) VALUES ('두 번째 글','mybatis로 연습 중 입니다.')
2026-07-12T12:18:41.353+09:00 DEBUG 708 --- [mybatis_blog-website] [restartedMain] o.s.jdbc.datasource.init.ScriptUtils     : 1 returned as update count for SQL: INSERT INTO users (name, email) VALUES ('홍길동','gildong@email.com')
2026-07-12T12:18:41.357+09:00 DEBUG 708 --- [mybatis_blog-website] [restartedMain] o.s.jdbc.datasource.init.ScriptUtils     : 1 returned as update count for SQL: INSERT INTO users (name, email) VALUES ('김영희','younghee@email.com')
2026-07-12T12:18:41.357+09:00 DEBUG 708 --- [mybatis_blog-website] [restartedMain] o.s.jdbc.datasource.init.ScriptUtils     : Executed SQL script from file [D:\김경난\기말과제\mybatis_blog-website\build\resources\main\data.sql] in 16 ms.
2026-07-12T12:18:41.369+09:00 DEBUG 708 --- [mybatis_blog-website] [restartedMain] o.mybatis.spring.SqlSessionFactoryBean   : Parsed mapper file: 'file [D:\김경난\기말과제\mybatis_blog-website\build\resources\main\mapper\PostMapper.xml]'
2026-07-12T12:18:41.373+09:00 DEBUG 708 --- [mybatis_blog-website] [restartedMain] o.mybatis.spring.SqlSessionFactoryBean   : Parsed mapper file: 'file [D:\김경난\기말과제\mybatis_blog-website\build\resources\main\mapper\UserMapper.xml]'
2026-07-12T12:18:41.388+09:00  INFO 708 --- [mybatis_blog-website] [restartedMain] o.s.b.a.w.s.WelcomePageHandlerMapping    : Adding welcome page template: index
2026-07-12T12:18:41.419+09:00 DEBUG 708 --- [mybatis_blog-website] [restartedMain] o.m.s.b.a.MybatisAutoConfiguration       : Not found configuration for registering mapper bean using @MapperScan, MapperFactoryBean and MapperScannerConfigurer.
2026-07-12T12:18:41.433+09:00  INFO 708 --- [mybatis_blog-website] [restartedMain] o.s.b.d.a.OptionalLiveReloadServer       : LiveReload server is running on port 35729
2026-07-12T12:18:41.441+09:00  INFO 708 --- [mybatis_blog-website] [restartedMain] o.s.b.w.embedded.tomcat.TomcatWebServer  : Tomcat started on port 8080 (http) with context path '/'
2026-07-12T12:18:41.444+09:00  INFO 708 --- [mybatis_blog-website] [restartedMain] c.p.m.MybatisBlogWebsiteApplication      : Started MybatisBlogWebsiteApplication in 0.338 seconds (process running for 192.556)
2026-07-12T12:18:41.444+09:00  INFO 708 --- [mybatis_blog-website] [restartedMain] .ConditionEvaluationDeltaLoggingListener : Condition evaluation unchanged
2026-07-12T12:19:48.092+09:00  INFO 708 --- [mybatis_blog-website] [File Watcher] rtingClassPathChangeChangedEventListener : Restarting due to 1 class path change (0 additions, 0 deletions, 1 modification)
2026-07-12T12:19:48.093+09:00  INFO 708 --- [mybatis_blog-website] [Thread-11] o.s.b.w.e.tomcat.GracefulShutdown        : Commencing graceful shutdown. Waiting for active requests to complete
2026-07-12T12:19:48.096+09:00  INFO 708 --- [mybatis_blog-website] [tomcat-shutdown] o.s.b.w.e.tomcat.GracefulShutdown        : Graceful shutdown complete
2026-07-12T12:19:48.098+09:00  INFO 708 --- [mybatis_blog-website] [Thread-11] com.zaxxer.hikari.HikariDataSource       : HikariPool-3 - Shutdown initiated...
2026-07-12T12:19:48.099+09:00  INFO 708 --- [mybatis_blog-website] [Thread-11] com.zaxxer.hikari.HikariDataSource       : HikariPool-3 - Shutdown completed.
2026-07-12T12:19:48.189+09:00  INFO 708 --- [mybatis_blog-website] [restartedMain] c.p.m.MybatisBlogWebsiteApplication      : Starting MybatisBlogWebsiteApplication using Java 21.0.11 with PID 708 (D:\김경난\기말과제\mybatis_blog-website\build\classes\java\main started by TJ in D:\김경난\기말과제\mybatis_blog-website)
2026-07-12T12:19:48.190+09:00 DEBUG 708 --- [mybatis_blog-website] [restartedMain] c.p.m.MybatisBlogWebsiteApplication      : Running with Spring Boot v3.5.16, Spring v6.2.19
2026-07-12T12:19:48.190+09:00  INFO 708 --- [mybatis_blog-website] [restartedMain] c.p.m.MybatisBlogWebsiteApplication      : No active profile set, falling back to 1 default profile: "default"
2026-07-12T12:19:48.302+09:00 DEBUG 708 --- [mybatis_blog-website] [restartedMain] o.m.s.b.a.MybatisAutoConfiguration       : Searching for mappers annotated with @Mapper
2026-07-12T12:19:48.302+09:00 DEBUG 708 --- [mybatis_blog-website] [restartedMain] o.m.s.b.a.MybatisAutoConfiguration       : Using auto-configuration base package 'com.project.mybatis_blogwebsite'
2026-07-12T12:19:48.329+09:00 DEBUG 708 --- [mybatis_blog-website] [restartedMain] o.m.s.mapper.ClassPathMapperScanner      : Identified candidate component class: file [D:\김경난\기말과제\mybatis_blog-website\build\classes\java\main\com\project\mybatis_blogwebsite\mapper\PostMapper.class]
2026-07-12T12:19:48.329+09:00 DEBUG 708 --- [mybatis_blog-website] [restartedMain] o.m.s.mapper.ClassPathMapperScanner      : Identified candidate component class: file [D:\김경난\기말과제\mybatis_blog-website\build\classes\java\main\com\project\mybatis_blogwebsite\mapper\UserMapper.class]
2026-07-12T12:19:48.329+09:00 DEBUG 708 --- [mybatis_blog-website] [restartedMain] o.m.s.mapper.ClassPathMapperScanner      : Creating MapperFactoryBean with name 'postMapper' and 'com.project.mybatis_blogwebsite.mapper.PostMapper' mapperInterface
2026-07-12T12:19:48.330+09:00 DEBUG 708 --- [mybatis_blog-website] [restartedMain] o.m.s.mapper.ClassPathMapperScanner      : Creating MapperFactoryBean with name 'userMapper' and 'com.project.mybatis_blogwebsite.mapper.UserMapper' mapperInterface
2026-07-12T12:19:48.358+09:00  INFO 708 --- [mybatis_blog-website] [restartedMain] o.s.b.w.embedded.tomcat.TomcatWebServer  : Tomcat initialized with port 8080 (http)
2026-07-12T12:19:48.359+09:00  INFO 708 --- [mybatis_blog-website] [restartedMain] o.apache.catalina.core.StandardService   : Starting service [Tomcat]
2026-07-12T12:19:48.359+09:00  INFO 708 --- [mybatis_blog-website] [restartedMain] o.apache.catalina.core.StandardEngine    : Starting Servlet engine: [Apache Tomcat/10.1.55]
2026-07-12T12:19:48.372+09:00  INFO 708 --- [mybatis_blog-website] [restartedMain] o.a.c.c.C.[Tomcat].[localhost].[/]       : Initializing Spring embedded WebApplicationContext
2026-07-12T12:19:48.372+09:00  INFO 708 --- [mybatis_blog-website] [restartedMain] w.s.c.ServletWebServerApplicationContext : Root WebApplicationContext: initialization completed in 180 ms
2026-07-12T12:19:48.386+09:00 DEBUG 708 --- [mybatis_blog-website] [restartedMain] o.s.jdbc.datasource.DataSourceUtils      : Fetching JDBC Connection from DataSource
2026-07-12T12:19:48.386+09:00  INFO 708 --- [mybatis_blog-website] [restartedMain] com.zaxxer.hikari.HikariDataSource       : HikariPool-4 - Starting...
2026-07-12T12:19:48.387+09:00  INFO 708 --- [mybatis_blog-website] [restartedMain] com.zaxxer.hikari.pool.HikariPool        : HikariPool-4 - Added connection org.sqlite.jdbc4.JDBC4Connection@48481bce
2026-07-12T12:19:48.387+09:00  INFO 708 --- [mybatis_blog-website] [restartedMain] com.zaxxer.hikari.HikariDataSource       : HikariPool-4 - Start completed.
2026-07-12T12:19:48.387+09:00 DEBUG 708 --- [mybatis_blog-website] [restartedMain] o.s.jdbc.datasource.init.ScriptUtils     : Executing SQL script from file [D:\김경난\기말과제\mybatis_blog-website\build\resources\main\schema.sql]
2026-07-12T12:19:48.392+09:00 DEBUG 708 --- [mybatis_blog-website] [restartedMain] o.s.jdbc.datasource.init.ScriptUtils     : 0 returned as update count for SQL: DROP TABLE IF EXISTS posts
2026-07-12T12:19:48.397+09:00 DEBUG 708 --- [mybatis_blog-website] [restartedMain] o.s.jdbc.datasource.init.ScriptUtils     : 0 returned as update count for SQL: CREATE TABLE IF NOT EXISTS posts ( id INTEGER PRIMARY KEY AUTOINCREMENT, title varchar(100) not null, content TEXT NOT NULL )
2026-07-12T12:19:48.397+09:00 DEBUG 708 --- [mybatis_blog-website] [restartedMain] o.s.jdbc.datasource.init.ScriptUtils     : 0 returned as update count for SQL: CREATE TABLE IF NOT EXISTS users ( id INTEGER PRIMARY KEY AUTOINCREMENT, name varchar(100) not null, email TEXT NOT NULL )
2026-07-12T12:19:48.397+09:00 DEBUG 708 --- [mybatis_blog-website] [restartedMain] o.s.jdbc.datasource.init.ScriptUtils     : Executed SQL script from file [D:\김경난\기말과제\mybatis_blog-website\build\resources\main\schema.sql] in 10 ms.
2026-07-12T12:19:48.398+09:00 DEBUG 708 --- [mybatis_blog-website] [restartedMain] o.s.jdbc.datasource.DataSourceUtils      : Fetching JDBC Connection from DataSource
2026-07-12T12:19:48.398+09:00 DEBUG 708 --- [mybatis_blog-website] [restartedMain] o.s.jdbc.datasource.init.ScriptUtils     : Executing SQL script from file [D:\김경난\기말과제\mybatis_blog-website\build\resources\main\data.sql]
2026-07-12T12:19:48.403+09:00 DEBUG 708 --- [mybatis_blog-website] [restartedMain] o.s.jdbc.datasource.init.ScriptUtils     : 1 returned as update count for SQL: INSERT INTO posts (title, content) VALUES ('첫 번째 글','안녕하세요')
2026-07-12T12:19:48.407+09:00 DEBUG 708 --- [mybatis_blog-website] [restartedMain] o.s.jdbc.datasource.init.ScriptUtils     : 1 returned as update count for SQL: INSERT INTO posts (title, content) VALUES ('두 번째 글','mybatis로 연습 중 입니다.')
2026-07-12T12:19:48.412+09:00 DEBUG 708 --- [mybatis_blog-website] [restartedMain] o.s.jdbc.datasource.init.ScriptUtils     : 1 returned as update count for SQL: INSERT INTO users (name, email) VALUES ('홍길동','gildong@email.com')
2026-07-12T12:19:48.416+09:00 DEBUG 708 --- [mybatis_blog-website] [restartedMain] o.s.jdbc.datasource.init.ScriptUtils     : 1 returned as update count for SQL: INSERT INTO users (name, email) VALUES ('김영희','younghee@email.com')
2026-07-12T12:19:48.416+09:00 DEBUG 708 --- [mybatis_blog-website] [restartedMain] o.s.jdbc.datasource.init.ScriptUtils     : Executed SQL script from file [D:\김경난\기말과제\mybatis_blog-website\build\resources\main\data.sql] in 18 ms.
2026-07-12T12:19:48.427+09:00 DEBUG 708 --- [mybatis_blog-website] [restartedMain] o.mybatis.spring.SqlSessionFactoryBean   : Parsed mapper file: 'file [D:\김경난\기말과제\mybatis_blog-website\build\resources\main\mapper\PostMapper.xml]'
2026-07-12T12:19:48.433+09:00 DEBUG 708 --- [mybatis_blog-website] [restartedMain] o.mybatis.spring.SqlSessionFactoryBean   : Parsed mapper file: 'file [D:\김경난\기말과제\mybatis_blog-website\build\resources\main\mapper\UserMapper.xml]'
2026-07-12T12:19:48.447+09:00  INFO 708 --- [mybatis_blog-website] [restartedMain] o.s.b.a.w.s.WelcomePageHandlerMapping    : Adding welcome page template: index
2026-07-12T12:19:48.477+09:00 DEBUG 708 --- [mybatis_blog-website] [restartedMain] o.m.s.b.a.MybatisAutoConfiguration       : Not found configuration for registering mapper bean using @MapperScan, MapperFactoryBean and MapperScannerConfigurer.
2026-07-12T12:19:48.490+09:00  INFO 708 --- [mybatis_blog-website] [restartedMain] o.s.b.d.a.OptionalLiveReloadServer       : LiveReload server is running on port 35729
2026-07-12T12:19:48.499+09:00  INFO 708 --- [mybatis_blog-website] [restartedMain] o.s.b.w.embedded.tomcat.TomcatWebServer  : Tomcat started on port 8080 (http) with context path '/'
2026-07-12T12:19:48.501+09:00  INFO 708 --- [mybatis_blog-website] [restartedMain] c.p.m.MybatisBlogWebsiteApplication      : Started MybatisBlogWebsiteApplication in 0.334 seconds (process running for 259.613)
2026-07-12T12:19:48.502+09:00  INFO 708 --- [mybatis_blog-website] [restartedMain] .ConditionEvaluationDeltaLoggingListener : Condition evaluation unchanged
2026-07-12T12:19:56.934+09:00  INFO 708 --- [mybatis_blog-website] [SpringApplicationShutdownHook] o.s.b.w.e.tomcat.GracefulShutdown        : Commencing graceful shutdown. Waiting for active requests to complete
2026-07-12T12:19:56.937+09:00  INFO 708 --- [mybatis_blog-website] [tomcat-shutdown] o.s.b.w.e.tomcat.GracefulShutdown        : Graceful shutdown complete
2026-07-12T12:19:56.938+09:00  INFO 708 --- [mybatis_blog-website] [SpringApplicationShutdownHook] com.zaxxer.hikari.HikariDataSource       : HikariPool-4 - Shutdown initiated...
2026-07-12T12:19:56.939+09:00  INFO 708 --- [mybatis_blog-website] [SpringApplicationShutdownHook] com.zaxxer.hikari.HikariDataSource       : HikariPool-4 - Shutdown completed.
2026-07-12T12:19:59.121+09:00  INFO 12936 --- [mybatis_blog-website] [restartedMain] c.p.m.MybatisBlogWebsiteApplication      : Starting MybatisBlogWebsiteApplication using Java 21.0.11 with PID 12936 (D:\김경난\기말과제\mybatis_blog-website\build\classes\java\main started by TJ in D:\김경난\기말과제\mybatis_blog-website)
2026-07-12T12:19:59.123+09:00 DEBUG 12936 --- [mybatis_blog-website] [restartedMain] c.p.m.MybatisBlogWebsiteApplication      : Running with Spring Boot v3.5.16, Spring v6.2.19
2026-07-12T12:19:59.123+09:00  INFO 12936 --- [mybatis_blog-website] [restartedMain] c.p.m.MybatisBlogWebsiteApplication      : No active profile set, falling back to 1 default profile: "default"
2026-07-12T12:19:59.162+09:00  INFO 12936 --- [mybatis_blog-website] [restartedMain] .e.DevToolsPropertyDefaultsPostProcessor : Devtools property defaults active! Set 'spring.devtools.add-properties' to 'false' to disable
2026-07-12T12:19:59.162+09:00  INFO 12936 --- [mybatis_blog-website] [restartedMain] .e.DevToolsPropertyDefaultsPostProcessor : For additional web related logging consider setting the 'logging.level.web' property to 'DEBUG'
2026-07-12T12:19:59.614+09:00 DEBUG 12936 --- [mybatis_blog-website] [restartedMain] o.m.s.b.a.MybatisAutoConfiguration       : Searching for mappers annotated with @Mapper
2026-07-12T12:19:59.615+09:00 DEBUG 12936 --- [mybatis_blog-website] [restartedMain] o.m.s.b.a.MybatisAutoConfiguration       : Using auto-configuration base package 'com.project.mybatis_blogwebsite'
2026-07-12T12:19:59.724+09:00 DEBUG 12936 --- [mybatis_blog-website] [restartedMain] o.m.s.mapper.ClassPathMapperScanner      : Identified candidate component class: file [D:\김경난\기말과제\mybatis_blog-website\build\classes\java\main\com\project\mybatis_blogwebsite\mapper\PostMapper.class]
2026-07-12T12:19:59.725+09:00 DEBUG 12936 --- [mybatis_blog-website] [restartedMain] o.m.s.mapper.ClassPathMapperScanner      : Identified candidate component class: file [D:\김경난\기말과제\mybatis_blog-website\build\classes\java\main\com\project\mybatis_blogwebsite\mapper\UserMapper.class]
2026-07-12T12:19:59.725+09:00 DEBUG 12936 --- [mybatis_blog-website] [restartedMain] o.m.s.mapper.ClassPathMapperScanner      : Creating MapperFactoryBean with name 'postMapper' and 'com.project.mybatis_blogwebsite.mapper.PostMapper' mapperInterface
2026-07-12T12:19:59.726+09:00 DEBUG 12936 --- [mybatis_blog-website] [restartedMain] o.m.s.mapper.ClassPathMapperScanner      : Creating MapperFactoryBean with name 'userMapper' and 'com.project.mybatis_blogwebsite.mapper.UserMapper' mapperInterface
2026-07-12T12:19:59.987+09:00  INFO 12936 --- [mybatis_blog-website] [restartedMain] o.s.b.w.embedded.tomcat.TomcatWebServer  : Tomcat initialized with port 8080 (http)
2026-07-12T12:20:00.002+09:00  INFO 12936 --- [mybatis_blog-website] [restartedMain] o.apache.catalina.core.StandardService   : Starting service [Tomcat]
2026-07-12T12:20:00.002+09:00  INFO 12936 --- [mybatis_blog-website] [restartedMain] o.apache.catalina.core.StandardEngine    : Starting Servlet engine: [Apache Tomcat/10.1.55]
2026-07-12T12:20:00.038+09:00  INFO 12936 --- [mybatis_blog-website] [restartedMain] o.a.c.c.C.[Tomcat].[localhost].[/]       : Initializing Spring embedded WebApplicationContext
2026-07-12T12:20:00.039+09:00  INFO 12936 --- [mybatis_blog-website] [restartedMain] w.s.c.ServletWebServerApplicationContext : Root WebApplicationContext: initialization completed in 877 ms
2026-07-12T12:20:00.114+09:00 DEBUG 12936 --- [mybatis_blog-website] [restartedMain] o.s.jdbc.datasource.DataSourceUtils      : Fetching JDBC Connection from DataSource
2026-07-12T12:20:00.115+09:00  INFO 12936 --- [mybatis_blog-website] [restartedMain] com.zaxxer.hikari.HikariDataSource       : HikariPool-1 - Starting...
2026-07-12T12:20:00.224+09:00  INFO 12936 --- [mybatis_blog-website] [restartedMain] com.zaxxer.hikari.pool.HikariPool        : HikariPool-1 - Added connection org.sqlite.jdbc4.JDBC4Connection@6a25da8c
2026-07-12T12:20:00.226+09:00  INFO 12936 --- [mybatis_blog-website] [restartedMain] com.zaxxer.hikari.HikariDataSource       : HikariPool-1 - Start completed.
2026-07-12T12:20:00.229+09:00 DEBUG 12936 --- [mybatis_blog-website] [restartedMain] o.s.jdbc.datasource.init.ScriptUtils     : Executing SQL script from file [D:\김경난\기말과제\mybatis_blog-website\build\resources\main\schema.sql]
2026-07-12T12:20:00.237+09:00 DEBUG 12936 --- [mybatis_blog-website] [restartedMain] o.s.jdbc.datasource.init.ScriptUtils     : 0 returned as update count for SQL: DROP TABLE IF EXISTS posts
2026-07-12T12:20:00.241+09:00 DEBUG 12936 --- [mybatis_blog-website] [restartedMain] o.s.jdbc.datasource.init.ScriptUtils     : 0 returned as update count for SQL: CREATE TABLE IF NOT EXISTS posts ( id INTEGER PRIMARY KEY AUTOINCREMENT, title varchar(100) not null, content TEXT NOT NULL )
2026-07-12T12:20:00.242+09:00 DEBUG 12936 --- [mybatis_blog-website] [restartedMain] o.s.jdbc.datasource.init.ScriptUtils     : 0 returned as update count for SQL: CREATE TABLE IF NOT EXISTS users ( id INTEGER PRIMARY KEY AUTOINCREMENT, name varchar(100) not null, email TEXT NOT NULL )
2026-07-12T12:20:00.242+09:00 DEBUG 12936 --- [mybatis_blog-website] [restartedMain] o.s.jdbc.datasource.init.ScriptUtils     : Executed SQL script from file [D:\김경난\기말과제\mybatis_blog-website\build\resources\main\schema.sql] in 13 ms.
2026-07-12T12:20:00.248+09:00 DEBUG 12936 --- [mybatis_blog-website] [restartedMain] o.s.jdbc.datasource.DataSourceUtils      : Fetching JDBC Connection from DataSource
2026-07-12T12:20:00.248+09:00 DEBUG 12936 --- [mybatis_blog-website] [restartedMain] o.s.jdbc.datasource.init.ScriptUtils     : Executing SQL script from file [D:\김경난\기말과제\mybatis_blog-website\build\resources\main\data.sql]
2026-07-12T12:20:00.254+09:00 DEBUG 12936 --- [mybatis_blog-website] [restartedMain] o.s.jdbc.datasource.init.ScriptUtils     : 1 returned as update count for SQL: INSERT INTO posts (title, content) VALUES ('첫 번째 글','안녕하세요')
2026-07-12T12:20:00.259+09:00 DEBUG 12936 --- [mybatis_blog-website] [restartedMain] o.s.jdbc.datasource.init.ScriptUtils     : 1 returned as update count for SQL: INSERT INTO posts (title, content) VALUES ('두 번째 글','mybatis로 연습 중 입니다.')
2026-07-12T12:20:00.265+09:00 DEBUG 12936 --- [mybatis_blog-website] [restartedMain] o.s.jdbc.datasource.init.ScriptUtils     : 1 returned as update count for SQL: INSERT INTO users (name, email) VALUES ('홍길동','gildong@email.com')
2026-07-12T12:20:00.270+09:00 DEBUG 12936 --- [mybatis_blog-website] [restartedMain] o.s.jdbc.datasource.init.ScriptUtils     : 1 returned as update count for SQL: INSERT INTO users (name, email) VALUES ('김영희','younghee@email.com')
2026-07-12T12:20:00.270+09:00 DEBUG 12936 --- [mybatis_blog-website] [restartedMain] o.s.jdbc.datasource.init.ScriptUtils     : Executed SQL script from file [D:\김경난\기말과제\mybatis_blog-website\build\resources\main\data.sql] in 22 ms.
2026-07-12T12:20:00.400+09:00 DEBUG 12936 --- [mybatis_blog-website] [restartedMain] o.mybatis.spring.SqlSessionFactoryBean   : Parsed mapper file: 'file [D:\김경난\기말과제\mybatis_blog-website\build\resources\main\mapper\PostMapper.xml]'
2026-07-12T12:20:00.406+09:00 DEBUG 12936 --- [mybatis_blog-website] [restartedMain] o.mybatis.spring.SqlSessionFactoryBean   : Parsed mapper file: 'file [D:\김경난\기말과제\mybatis_blog-website\build\resources\main\mapper\UserMapper.xml]'
2026-07-12T12:20:00.455+09:00  INFO 12936 --- [mybatis_blog-website] [restartedMain] o.s.b.a.w.s.WelcomePageHandlerMapping    : Adding welcome page template: index
2026-07-12T12:20:00.716+09:00 DEBUG 12936 --- [mybatis_blog-website] [restartedMain] o.m.s.b.a.MybatisAutoConfiguration       : Not found configuration for registering mapper bean using @MapperScan, MapperFactoryBean and MapperScannerConfigurer.
2026-07-12T12:20:00.837+09:00  INFO 12936 --- [mybatis_blog-website] [restartedMain] o.s.b.d.a.OptionalLiveReloadServer       : LiveReload server is running on port 35729
2026-07-12T12:20:00.883+09:00  INFO 12936 --- [mybatis_blog-website] [restartedMain] o.s.b.w.embedded.tomcat.TomcatWebServer  : Tomcat started on port 8080 (http) with context path '/'
2026-07-12T12:20:00.894+09:00  INFO 12936 --- [mybatis_blog-website] [restartedMain] c.p.m.MybatisBlogWebsiteApplication      : Started MybatisBlogWebsiteApplication in 2.187 seconds (process running for 2.74)
2026-07-12T12:21:01.621+09:00  INFO 12936 --- [mybatis_blog-website] [SpringApplicationShutdownHook] o.s.b.w.e.tomcat.GracefulShutdown        : Commencing graceful shutdown. Waiting for active requests to complete
2026-07-12T12:21:01.628+09:00  INFO 12936 --- [mybatis_blog-website] [tomcat-shutdown] o.s.b.w.e.tomcat.GracefulShutdown        : Graceful shutdown complete
2026-07-12T12:21:01.632+09:00  INFO 12936 --- [mybatis_blog-website] [SpringApplicationShutdownHook] com.zaxxer.hikari.HikariDataSource       : HikariPool-1 - Shutdown initiated...
2026-07-12T12:21:01.634+09:00  INFO 12936 --- [mybatis_blog-website] [SpringApplicationShutdownHook] com.zaxxer.hikari.HikariDataSource       : HikariPool-1 - Shutdown completed.
2026-07-12T12:21:04.001+09:00  INFO 30180 --- [mybatis_blog-website] [restartedMain] c.p.m.MybatisBlogWebsiteApplication      : Starting MybatisBlogWebsiteApplication using Java 21.0.11 with PID 30180 (D:\김경난\기말과제\mybatis_blog-website\build\classes\java\main started by TJ in D:\김경난\기말과제\mybatis_blog-website)
2026-07-12T12:21:04.002+09:00 DEBUG 30180 --- [mybatis_blog-website] [restartedMain] c.p.m.MybatisBlogWebsiteApplication      : Running with Spring Boot v3.5.16, Spring v6.2.19
2026-07-12T12:21:04.003+09:00  INFO 30180 --- [mybatis_blog-website] [restartedMain] c.p.m.MybatisBlogWebsiteApplication      : No active profile set, falling back to 1 default profile: "default"
2026-07-12T12:21:04.038+09:00  INFO 30180 --- [mybatis_blog-website] [restartedMain] .e.DevToolsPropertyDefaultsPostProcessor : Devtools property defaults active! Set 'spring.devtools.add-properties' to 'false' to disable
2026-07-12T12:21:04.038+09:00  INFO 30180 --- [mybatis_blog-website] [restartedMain] .e.DevToolsPropertyDefaultsPostProcessor : For additional web related logging consider setting the 'logging.level.web' property to 'DEBUG'
2026-07-12T12:21:04.475+09:00 DEBUG 30180 --- [mybatis_blog-website] [restartedMain] o.m.s.b.a.MybatisAutoConfiguration       : Searching for mappers annotated with @Mapper
2026-07-12T12:21:04.475+09:00 DEBUG 30180 --- [mybatis_blog-website] [restartedMain] o.m.s.b.a.MybatisAutoConfiguration       : Using auto-configuration base package 'com.project.mybatis_blogwebsite'
2026-07-12T12:21:04.590+09:00 DEBUG 30180 --- [mybatis_blog-website] [restartedMain] o.m.s.mapper.ClassPathMapperScanner      : Identified candidate component class: file [D:\김경난\기말과제\mybatis_blog-website\build\classes\java\main\com\project\mybatis_blogwebsite\mapper\PostMapper.class]
2026-07-12T12:21:04.590+09:00 DEBUG 30180 --- [mybatis_blog-website] [restartedMain] o.m.s.mapper.ClassPathMapperScanner      : Identified candidate component class: file [D:\김경난\기말과제\mybatis_blog-website\build\classes\java\main\com\project\mybatis_blogwebsite\mapper\UserMapper.class]
2026-07-12T12:21:04.591+09:00 DEBUG 30180 --- [mybatis_blog-website] [restartedMain] o.m.s.mapper.ClassPathMapperScanner      : Creating MapperFactoryBean with name 'postMapper' and 'com.project.mybatis_blogwebsite.mapper.PostMapper' mapperInterface
2026-07-12T12:21:04.592+09:00 DEBUG 30180 --- [mybatis_blog-website] [restartedMain] o.m.s.mapper.ClassPathMapperScanner      : Creating MapperFactoryBean with name 'userMapper' and 'com.project.mybatis_blogwebsite.mapper.UserMapper' mapperInterface
2026-07-12T12:21:04.856+09:00  INFO 30180 --- [mybatis_blog-website] [restartedMain] o.s.b.w.embedded.tomcat.TomcatWebServer  : Tomcat initialized with port 8080 (http)
2026-07-12T12:21:04.868+09:00  INFO 30180 --- [mybatis_blog-website] [restartedMain] o.apache.catalina.core.StandardService   : Starting service [Tomcat]
2026-07-12T12:21:04.869+09:00  INFO 30180 --- [mybatis_blog-website] [restartedMain] o.apache.catalina.core.StandardEngine    : Starting Servlet engine: [Apache Tomcat/10.1.55]
2026-07-12T12:21:04.905+09:00  INFO 30180 --- [mybatis_blog-website] [restartedMain] o.a.c.c.C.[Tomcat].[localhost].[/]       : Initializing Spring embedded WebApplicationContext
2026-07-12T12:21:04.905+09:00  INFO 30180 --- [mybatis_blog-website] [restartedMain] w.s.c.ServletWebServerApplicationContext : Root WebApplicationContext: initialization completed in 867 ms
2026-07-12T12:21:04.979+09:00 DEBUG 30180 --- [mybatis_blog-website] [restartedMain] o.s.jdbc.datasource.DataSourceUtils      : Fetching JDBC Connection from DataSource
2026-07-12T12:21:04.980+09:00  INFO 30180 --- [mybatis_blog-website] [restartedMain] com.zaxxer.hikari.HikariDataSource       : HikariPool-1 - Starting...
2026-07-12T12:21:05.086+09:00  INFO 30180 --- [mybatis_blog-website] [restartedMain] com.zaxxer.hikari.pool.HikariPool        : HikariPool-1 - Added connection org.sqlite.jdbc4.JDBC4Connection@61bb683c
2026-07-12T12:21:05.088+09:00  INFO 30180 --- [mybatis_blog-website] [restartedMain] com.zaxxer.hikari.HikariDataSource       : HikariPool-1 - Start completed.
2026-07-12T12:21:05.091+09:00 DEBUG 30180 --- [mybatis_blog-website] [restartedMain] o.s.jdbc.datasource.init.ScriptUtils     : Executing SQL script from file [D:\김경난\기말과제\mybatis_blog-website\build\resources\main\schema.sql]
2026-07-12T12:21:05.100+09:00 DEBUG 30180 --- [mybatis_blog-website] [restartedMain] o.s.jdbc.datasource.init.ScriptUtils     : 0 returned as update count for SQL: DROP TABLE IF EXISTS posts
2026-07-12T12:21:05.104+09:00 DEBUG 30180 --- [mybatis_blog-website] [restartedMain] o.s.jdbc.datasource.init.ScriptUtils     : 0 returned as update count for SQL: CREATE TABLE IF NOT EXISTS posts ( id INTEGER PRIMARY KEY AUTOINCREMENT, title varchar(100) not null, content TEXT NOT NULL )
2026-07-12T12:21:05.104+09:00 DEBUG 30180 --- [mybatis_blog-website] [restartedMain] o.s.jdbc.datasource.init.ScriptUtils     : 0 returned as update count for SQL: CREATE TABLE IF NOT EXISTS users ( id INTEGER PRIMARY KEY AUTOINCREMENT, name varchar(100) not null, email TEXT NOT NULL )
2026-07-12T12:21:05.105+09:00 DEBUG 30180 --- [mybatis_blog-website] [restartedMain] o.s.jdbc.datasource.init.ScriptUtils     : Executed SQL script from file [D:\김경난\기말과제\mybatis_blog-website\build\resources\main\schema.sql] in 14 ms.
2026-07-12T12:21:05.110+09:00 DEBUG 30180 --- [mybatis_blog-website] [restartedMain] o.s.jdbc.datasource.DataSourceUtils      : Fetching JDBC Connection from DataSource
2026-07-12T12:21:05.110+09:00 DEBUG 30180 --- [mybatis_blog-website] [restartedMain] o.s.jdbc.datasource.init.ScriptUtils     : Executing SQL script from file [D:\김경난\기말과제\mybatis_blog-website\build\resources\main\data.sql]
2026-07-12T12:21:05.117+09:00 DEBUG 30180 --- [mybatis_blog-website] [restartedMain] o.s.jdbc.datasource.init.ScriptUtils     : 1 returned as update count for SQL: INSERT INTO posts (title, content) VALUES ('첫 번째 글','안녕하세요')
2026-07-12T12:21:05.122+09:00 DEBUG 30180 --- [mybatis_blog-website] [restartedMain] o.s.jdbc.datasource.init.ScriptUtils     : 1 returned as update count for SQL: INSERT INTO posts (title, content) VALUES ('두 번째 글','mybatis로 연습 중 입니다.')
2026-07-12T12:21:05.127+09:00 DEBUG 30180 --- [mybatis_blog-website] [restartedMain] o.s.jdbc.datasource.init.ScriptUtils     : 1 returned as update count for SQL: INSERT INTO users (name, email) VALUES ('홍길동','gildong@email.com')
2026-07-12T12:21:05.131+09:00 DEBUG 30180 --- [mybatis_blog-website] [restartedMain] o.s.jdbc.datasource.init.ScriptUtils     : 1 returned as update count for SQL: INSERT INTO users (name, email) VALUES ('김영희','younghee@email.com')
2026-07-12T12:21:05.132+09:00 DEBUG 30180 --- [mybatis_blog-website] [restartedMain] o.s.jdbc.datasource.init.ScriptUtils     : Executed SQL script from file [D:\김경난\기말과제\mybatis_blog-website\build\resources\main\data.sql] in 22 ms.
2026-07-12T12:21:05.260+09:00 DEBUG 30180 --- [mybatis_blog-website] [restartedMain] o.mybatis.spring.SqlSessionFactoryBean   : Parsed mapper file: 'file [D:\김경난\기말과제\mybatis_blog-website\build\resources\main\mapper\PostMapper.xml]'
2026-07-12T12:21:05.265+09:00 DEBUG 30180 --- [mybatis_blog-website] [restartedMain] o.mybatis.spring.SqlSessionFactoryBean   : Parsed mapper file: 'file [D:\김경난\기말과제\mybatis_blog-website\build\resources\main\mapper\UserMapper.xml]'
2026-07-12T12:21:05.313+09:00  INFO 30180 --- [mybatis_blog-website] [restartedMain] o.s.b.a.w.s.WelcomePageHandlerMapping    : Adding welcome page template: index
2026-07-12T12:21:05.491+09:00 DEBUG 30180 --- [mybatis_blog-website] [restartedMain] o.m.s.b.a.MybatisAutoConfiguration       : Not found configuration for registering mapper bean using @MapperScan, MapperFactoryBean and MapperScannerConfigurer.
2026-07-12T12:21:05.555+09:00  INFO 30180 --- [mybatis_blog-website] [restartedMain] o.s.b.d.a.OptionalLiveReloadServer       : LiveReload server is running on port 35729
2026-07-12T12:21:05.585+09:00  INFO 30180 --- [mybatis_blog-website] [restartedMain] o.s.b.w.embedded.tomcat.TomcatWebServer  : Tomcat started on port 8080 (http) with context path '/'
2026-07-12T12:21:05.592+09:00  INFO 30180 --- [mybatis_blog-website] [restartedMain] c.p.m.MybatisBlogWebsiteApplication      : Started MybatisBlogWebsiteApplication in 1.993 seconds (process running for 2.562)
2026-07-12T12:21:24.538+09:00  INFO 30180 --- [mybatis_blog-website] [http-nio-8080-exec-1] o.a.c.c.C.[Tomcat].[localhost].[/]       : Initializing Spring DispatcherServlet 'dispatcherServlet'
2026-07-12T12:21:24.538+09:00  INFO 30180 --- [mybatis_blog-website] [http-nio-8080-exec-1] o.s.web.servlet.DispatcherServlet        : Initializing Servlet 'dispatcherServlet'
2026-07-12T12:21:24.539+09:00  INFO 30180 --- [mybatis_blog-website] [http-nio-8080-exec-1] o.s.web.servlet.DispatcherServlet        : Completed initialization in 1 ms
2026-07-12T12:21:24.568+09:00 DEBUG 30180 --- [mybatis_blog-website] [http-nio-8080-exec-1] org.mybatis.spring.SqlSessionUtils       : Creating a new SqlSession
2026-07-12T12:21:24.571+09:00 DEBUG 30180 --- [mybatis_blog-website] [http-nio-8080-exec-1] org.mybatis.spring.SqlSessionUtils       : SqlSession [org.apache.ibatis.session.defaults.DefaultSqlSession@21047fcf] was not registered for synchronization because synchronization is not active
2026-07-12T12:21:24.576+09:00 DEBUG 30180 --- [mybatis_blog-website] [http-nio-8080-exec-1] o.s.jdbc.datasource.DataSourceUtils      : Fetching JDBC Connection from DataSource
2026-07-12T12:21:24.581+09:00 DEBUG 30180 --- [mybatis_blog-website] [http-nio-8080-exec-1] o.m.s.t.SpringManagedTransaction         : JDBC Connection [HikariProxyConnection@975587503 wrapping org.sqlite.jdbc4.JDBC4Connection@61bb683c] will not be managed by Spring
2026-07-12T12:21:24.583+09:00 DEBUG 30180 --- [mybatis_blog-website] [http-nio-8080-exec-1] c.p.m.mapper.PostMapper.모두조회             : ==>  Preparing: SELECT * FROM posts
2026-07-12T12:21:24.597+09:00 DEBUG 30180 --- [mybatis_blog-website] [http-nio-8080-exec-1] c.p.m.mapper.PostMapper.모두조회             : ==> Parameters: 
2026-07-12T12:21:24.614+09:00 DEBUG 30180 --- [mybatis_blog-website] [http-nio-8080-exec-1] c.p.m.mapper.PostMapper.모두조회             : <==      Total: 2
2026-07-12T12:21:24.617+09:00 DEBUG 30180 --- [mybatis_blog-website] [http-nio-8080-exec-1] org.mybatis.spring.SqlSessionUtils       : Closing non transactional SqlSession [org.apache.ibatis.session.defaults.DefaultSqlSession@21047fcf]
2026-07-12T12:21:26.827+09:00 DEBUG 30180 --- [mybatis_blog-website] [http-nio-8080-exec-2] org.mybatis.spring.SqlSessionUtils       : Creating a new SqlSession
2026-07-12T12:21:26.827+09:00 DEBUG 30180 --- [mybatis_blog-website] [http-nio-8080-exec-2] org.mybatis.spring.SqlSessionUtils       : SqlSession [org.apache.ibatis.session.defaults.DefaultSqlSession@377e537] was not registered for synchronization because synchronization is not active
2026-07-12T12:21:26.827+09:00 DEBUG 30180 --- [mybatis_blog-website] [http-nio-8080-exec-2] o.s.jdbc.datasource.DataSourceUtils      : Fetching JDBC Connection from DataSource
2026-07-12T12:21:26.828+09:00 DEBUG 30180 --- [mybatis_blog-website] [http-nio-8080-exec-2] o.m.s.t.SpringManagedTransaction         : JDBC Connection [HikariProxyConnection@229645097 wrapping org.sqlite.jdbc4.JDBC4Connection@61bb683c] will not be managed by Spring
2026-07-12T12:21:26.828+09:00 DEBUG 30180 --- [mybatis_blog-website] [http-nio-8080-exec-2] c.p.m.mapper.PostMapper.모두조회             : ==>  Preparing: SELECT * FROM posts
2026-07-12T12:21:26.828+09:00 DEBUG 30180 --- [mybatis_blog-website] [http-nio-8080-exec-2] c.p.m.mapper.PostMapper.모두조회             : ==> Parameters: 
2026-07-12T12:21:26.828+09:00 DEBUG 30180 --- [mybatis_blog-website] [http-nio-8080-exec-2] c.p.m.mapper.PostMapper.모두조회             : <==      Total: 2
2026-07-12T12:21:26.829+09:00 DEBUG 30180 --- [mybatis_blog-website] [http-nio-8080-exec-2] org.mybatis.spring.SqlSessionUtils       : Closing non transactional SqlSession [org.apache.ibatis.session.defaults.DefaultSqlSession@377e537]
2026-07-12T12:21:27.699+09:00 DEBUG 30180 --- [mybatis_blog-website] [http-nio-8080-exec-5] org.mybatis.spring.SqlSessionUtils       : Creating a new SqlSession
2026-07-12T12:21:27.699+09:00 DEBUG 30180 --- [mybatis_blog-website] [http-nio-8080-exec-5] org.mybatis.spring.SqlSessionUtils       : SqlSession [org.apache.ibatis.session.defaults.DefaultSqlSession@2553b4f0] was not registered for synchronization because synchronization is not active
2026-07-12T12:21:27.699+09:00 DEBUG 30180 --- [mybatis_blog-website] [http-nio-8080-exec-5] o.s.jdbc.datasource.DataSourceUtils      : Fetching JDBC Connection from DataSource
2026-07-12T12:21:27.699+09:00 DEBUG 30180 --- [mybatis_blog-website] [http-nio-8080-exec-5] o.m.s.t.SpringManagedTransaction         : JDBC Connection [HikariProxyConnection@731143722 wrapping org.sqlite.jdbc4.JDBC4Connection@61bb683c] will not be managed by Spring
2026-07-12T12:21:27.700+09:00 DEBUG 30180 --- [mybatis_blog-website] [http-nio-8080-exec-5] c.p.m.mapper.PostMapper.모두조회             : ==>  Preparing: SELECT * FROM posts
2026-07-12T12:21:27.700+09:00 DEBUG 30180 --- [mybatis_blog-website] [http-nio-8080-exec-5] c.p.m.mapper.PostMapper.모두조회             : ==> Parameters: 
2026-07-12T12:21:27.701+09:00 DEBUG 30180 --- [mybatis_blog-website] [http-nio-8080-exec-5] c.p.m.mapper.PostMapper.모두조회             : <==      Total: 2
2026-07-12T12:21:27.701+09:00 DEBUG 30180 --- [mybatis_blog-website] [http-nio-8080-exec-5] org.mybatis.spring.SqlSessionUtils       : Closing non transactional SqlSession [org.apache.ibatis.session.defaults.DefaultSqlSession@2553b4f0]
2026-07-12T12:21:36.820+09:00 DEBUG 30180 --- [mybatis_blog-website] [http-nio-8080-exec-3] org.mybatis.spring.SqlSessionUtils       : Creating a new SqlSession
2026-07-12T12:21:36.820+09:00 DEBUG 30180 --- [mybatis_blog-website] [http-nio-8080-exec-3] org.mybatis.spring.SqlSessionUtils       : SqlSession [org.apache.ibatis.session.defaults.DefaultSqlSession@1a3cb611] was not registered for synchronization because synchronization is not active
2026-07-12T12:21:36.821+09:00 DEBUG 30180 --- [mybatis_blog-website] [http-nio-8080-exec-3] o.s.jdbc.datasource.DataSourceUtils      : Fetching JDBC Connection from DataSource
2026-07-12T12:21:36.821+09:00 DEBUG 30180 --- [mybatis_blog-website] [http-nio-8080-exec-3] o.m.s.t.SpringManagedTransaction         : JDBC Connection [HikariProxyConnection@322637977 wrapping org.sqlite.jdbc4.JDBC4Connection@61bb683c] will not be managed by Spring
2026-07-12T12:21:36.821+09:00 DEBUG 30180 --- [mybatis_blog-website] [http-nio-8080-exec-3] c.p.m.mapper.PostMapper.글쓰기              : ==>  Preparing: INSERT INTO posts (title, content) VALUES (?, ?)
2026-07-12T12:21:36.822+09:00 DEBUG 30180 --- [mybatis_blog-website] [http-nio-8080-exec-3] c.p.m.mapper.PostMapper.글쓰기              : ==> Parameters: 맛점(String), 오늘 점심~~~
        (String)
2026-07-12T12:21:36.827+09:00 DEBUG 30180 --- [mybatis_blog-website] [http-nio-8080-exec-3] c.p.m.mapper.PostMapper.글쓰기              : <==    Updates: 1
2026-07-12T12:21:36.828+09:00 DEBUG 30180 --- [mybatis_blog-website] [http-nio-8080-exec-3] org.mybatis.spring.SqlSessionUtils       : Closing non transactional SqlSession [org.apache.ibatis.session.defaults.DefaultSqlSession@1a3cb611]
2026-07-12T12:21:36.834+09:00 DEBUG 30180 --- [mybatis_blog-website] [http-nio-8080-exec-6] org.mybatis.spring.SqlSessionUtils       : Creating a new SqlSession
2026-07-12T12:21:36.834+09:00 DEBUG 30180 --- [mybatis_blog-website] [http-nio-8080-exec-6] org.mybatis.spring.SqlSessionUtils       : SqlSession [org.apache.ibatis.session.defaults.DefaultSqlSession@13ff1bf9] was not registered for synchronization because synchronization is not active
2026-07-12T12:21:36.834+09:00 DEBUG 30180 --- [mybatis_blog-website] [http-nio-8080-exec-6] o.s.jdbc.datasource.DataSourceUtils      : Fetching JDBC Connection from DataSource
2026-07-12T12:21:36.834+09:00 DEBUG 30180 --- [mybatis_blog-website] [http-nio-8080-exec-6] o.m.s.t.SpringManagedTransaction         : JDBC Connection [HikariProxyConnection@490268662 wrapping org.sqlite.jdbc4.JDBC4Connection@61bb683c] will not be managed by Spring
2026-07-12T12:21:36.834+09:00 DEBUG 30180 --- [mybatis_blog-website] [http-nio-8080-exec-6] c.p.m.mapper.PostMapper.모두조회             : ==>  Preparing: SELECT * FROM posts
2026-07-12T12:21:36.834+09:00 DEBUG 30180 --- [mybatis_blog-website] [http-nio-8080-exec-6] c.p.m.mapper.PostMapper.모두조회             : ==> Parameters: 
2026-07-12T12:21:36.835+09:00 DEBUG 30180 --- [mybatis_blog-website] [http-nio-8080-exec-6] c.p.m.mapper.PostMapper.모두조회             : <==      Total: 3
2026-07-12T12:21:36.835+09:00 DEBUG 30180 --- [mybatis_blog-website] [http-nio-8080-exec-6] org.mybatis.spring.SqlSessionUtils       : Closing non transactional SqlSession [org.apache.ibatis.session.defaults.DefaultSqlSession@13ff1bf9]
